<?xml version="1.0" encoding="UTF-8"?>
<testsuite name="com.aot.taskmap.service.TrackingModeResolverTest" tests="5" skipped="0" failures="0" errors="0" timestamp="2026-03-11T21:35:03.491Z" hostname="AREZPC" time="0.008">
  <properties/>
  <testcase name="distance calculation returns plausible value" classname="com.aot.taskmap.service.TrackingModeResolverTest" time="0.002"/>
  <testcase name="returns precise when nearest task is close enough" classname="com.aot.taskmap.service.TrackingModeResolverTest" time="0.005"/>
  <testcase name="returns balanced when nearest task is far away" classname="com.aot.taskmap.service.TrackingModeResolverTest" time="0.0"/>
  <testcase name="returns null when no tasks available" classname="com.aot.taskmap.service.TrackingModeResolverTest" time="0.0"/>
  <testcase name="returns balanced when location is unknown" classname="com.aot.taskmap.service.TrackingModeResolverTest" time="0.0"/>
  <system-out><![CDATA[]]></system-out>
  <system-err><![CDATA[]]></system-err>
</testsuite>
